TN:
SF:src\services\slices\accountSlice\accountSlice.ts
FN:41,(anonymous_13)
FN:54,(anonymous_16)
FN:54,(anonymous_17)
FN:64,(anonymous_19)
FN:64,(anonymous_20)
FN:72,(anonymous_22)
FN:73,(anonymous_25)
FN:83,(anonymous_26)
FN:86,(anonymous_27)
FN:91,(anonymous_28)
FN:92,(anonymous_29)
FN:94,(anonymous_30)
FN:96,(anonymous_31)
FN:101,(anonymous_32)
FN:109,(anonymous_33)
FN:115,(anonymous_34)
FN:121,(anonymous_35)
FN:126,(anonymous_36)
FN:132,(anonymous_37)
FN:139,(anonymous_38)
FN:144,(anonymous_39)
FN:150,(anonymous_40)
FN:154,(anonymous_41)
FN:159,(anonymous_42)
FN:163,(anonymous_43)
FN:169,(anonymous_44)
FN:175,(anonymous_45)
FN:182,(anonymous_46)
FN:186,(anonymous_47)
FN:190,(anonymous_48)
FNF:30
FNH:19
FNDA:0,(anonymous_13)
FNDA:0,(anonymous_16)
FNDA:0,(anonymous_17)
FNDA:0,(anonymous_19)
FNDA:0,(anonymous_20)
FNDA:0,(anonymous_22)
FNDA:0,(anonymous_25)
FNDA:1,(anonymous_26)
FNDA:1,(anonymous_27)
FNDA:0,(anonymous_28)
FNDA:0,(anonymous_29)
FNDA:1,(anonymous_30)
FNDA:1,(anonymous_31)
FNDA:1,(anonymous_32)
FNDA:1,(anonymous_33)
FNDA:1,(anonymous_34)
FNDA:1,(anonymous_35)
FNDA:1,(anonymous_36)
FNDA:1,(anonymous_37)
FNDA:1,(anonymous_38)
FNDA:1,(anonymous_39)
FNDA:0,(anonymous_40)
FNDA:0,(anonymous_41)
FNDA:1,(anonymous_42)
FNDA:1,(anonymous_43)
FNDA:1,(anonymous_44)
FNDA:1,(anonymous_45)
FNDA:1,(anonymous_46)
FNDA:1,(anonymous_47)
FNDA:1,(anonymous_48)
DA:1,1
DA:11,1
DA:13,1
DA:27,1
DA:39,1
DA:41,0
DA:42,0
DA:43,0
DA:44,0
DA:46,0
DA:47,0
DA:48,0
DA:52,1
DA:54,0
DA:57,1
DA:62,1
DA:64,0
DA:67,1
DA:72,1
DA:73,0
DA:74,0
DA:75,0
DA:79,1
DA:84,1
DA:87,1
DA:91,0
DA:92,0
DA:95,1
DA:97,1
DA:98,1
DA:99,1
DA:102,1
DA:103,1
DA:104,1
DA:105,1
DA:106,1
DA:107,1
DA:110,1
DA:111,1
DA:112,1
DA:113,1
DA:116,1
DA:117,1
DA:118,1
DA:119,1
DA:122,1
DA:123,1
DA:124,1
DA:127,1
DA:128,1
DA:129,1
DA:130,1
DA:133,1
DA:134,1
DA:135,1
DA:136,1
DA:137,1
DA:140,1
DA:141,1
DA:142,1
DA:145,1
DA:146,1
DA:147,1
DA:148,1
DA:151,0
DA:152,0
DA:155,0
DA:156,0
DA:157,0
DA:160,1
DA:161,1
DA:164,1
DA:165,1
DA:166,1
DA:170,1
DA:171,1
DA:172,1
DA:173,1
DA:176,1
DA:177,1
DA:178,1
DA:179,1
DA:180,1
DA:183,1
DA:184,1
DA:187,1
DA:188,1
DA:191,1
DA:192,1
DA:193,1
DA:198,1
DA:199,1
DA:200,1
LF:93
LH:74
BRDA:42,0,0,0
BRDA:43,1,0,0
BRDA:54,2,0,0
BRDA:54,2,1,0
BRF:4
BRH:0
end_of_record
TN:
SF:src\services\slices\burgerSlice\burgerSlice.ts
FN:35,(anonymous_15)
FN:35,(anonymous_16)
FN:42,(anonymous_18)
FN:46,(anonymous_19)
FN:53,(anonymous_20)
FN:58,(anonymous_21)
FN:60,(anonymous_22)
FN:63,(anonymous_23)
FN:70,(anonymous_24)
FN:77,(anonymous_25)
FN:80,(anonymous_26)
FN:84,(anonymous_27)
FN:86,(anonymous_28)
FN:91,(anonymous_29)
FN:96,(anonymous_30)
FNF:15
FNH:12
FNDA:0,(anonymous_15)
FNDA:0,(anonymous_16)
FNDA:0,(anonymous_18)
FNDA:2,(anonymous_19)
FNDA:2,(anonymous_20)
FNDA:1,(anonymous_21)
FNDA:1,(anonymous_22)
FNDA:1,(anonymous_23)
FNDA:1,(anonymous_24)
FNDA:2,(anonymous_25)
FNDA:1,(anonymous_26)
FNDA:1,(anonymous_27)
FNDA:1,(anonymous_28)
FNDA:1,(anonymous_29)
FNDA:1,(anonymous_30)
DA:1,1
DA:3,1
DA:22,1
DA:33,1
DA:35,0
DA:38,1
DA:42,0
DA:47,2
DA:48,1
DA:50,1
DA:54,2
DA:55,2
DA:59,1
DA:60,1
DA:64,1
DA:71,1
DA:78,2
DA:81,1
DA:85,1
DA:87,1
DA:88,1
DA:89,1
DA:92,1
DA:93,1
DA:94,1
DA:97,1
DA:98,1
DA:99,1
DA:100,1
DA:101,1
DA:105,1
DA:111,1
DA:119,1
DA:120,1
LF:34
LH:32
BRDA:47,0,0,1
BRDA:47,0,1,1
BRF:2
BRH:2
end_of_record
TN:
SF:src\services\slices\inventSlice\inventSlice.ts
FN:27,(anonymous_0)
FN:29,(anonymous_1)
FN:31,(anonymous_2)
FN:35,(anonymous_3)
FN:40,(anonymous_4)
FNF:5
FNH:4
FNDA:0,(anonymous_0)
FNDA:1,(anonymous_1)
FNDA:1,(anonymous_2)
FNDA:1,(anonymous_3)
FNDA:1,(anonymous_4)
DA:1,1
DA:2,1
DA:11,1
DA:17,1
DA:22,1
DA:27,0
DA:30,1
DA:32,1
DA:33,1
DA:36,1
DA:37,1
DA:38,1
DA:41,1
DA:42,1
DA:47,1
DA:48,1
LF:16
LH:15
BRF:0
BRH:0
end_of_record
TN:
SF:src\services\slices\lookupOrderSlice\lookupOrderSlice.ts
FN:23,(anonymous_13)
FN:23,(anonymous_14)
FN:31,(anonymous_16)
FN:33,(anonymous_17)
FN:35,(anonymous_18)
FN:39,(anonymous_19)
FN:43,(anonymous_20)
FNF:7
FNH:4
FNDA:0,(anonymous_13)
FNDA:0,(anonymous_14)
FNDA:0,(anonymous_16)
FNDA:1,(anonymous_17)
FNDA:1,(anonymous_18)
FNDA:1,(anonymous_19)
FNDA:1,(anonymous_20)
DA:1,1
DA:2,1
DA:13,1
DA:21,1
DA:23,0
DA:26,1
DA:31,0
DA:34,1
DA:36,1
DA:37,1
DA:40,1
DA:41,1
DA:44,1
DA:45,1
DA:46,1
DA:51,1
DA:52,1
LF:17
LH:15
BRF:0
BRH:0
end_of_record
TN:
SF:src\services\slices\userOrdersSlice\userOrdersSlice.ts
FN:31,(anonymous_0)
FN:33,(anonymous_1)
FN:35,(anonymous_2)
FN:39,(anonymous_3)
FN:43,(anonymous_4)
FNF:5
FNH:4
FNDA:0,(anonymous_0)
FNDA:1,(anonymous_1)
FNDA:1,(anonymous_2)
FNDA:1,(anonymous_3)
FNDA:1,(anonymous_4)
DA:1,1
DA:2,1
DA:13,1
DA:21,1
DA:26,1
DA:31,0
DA:34,1
DA:36,1
DA:37,1
DA:40,1
DA:41,1
DA:44,1
DA:45,1
DA:46,1
DA:47,1
DA:48,1
DA:53,1
DA:54,1
LF:18
LH:17
BRF:0
BRH:0
end_of_record
